<?xml version="1.0" encoding="UTF-8"?>
<!-- Generated by org.testng.reporters.JUnitReportReporter -->
<testsuite skipped="0" hostname="Shailas-MacBook-Pro.local" name="com.training.TestNG_Sales1.Login" tests="5" failures="0" timestamp="28 Jan 2021 06:25:19 GMT" time="38.785" errors="0">
  <testcase name="Test_01" time="0.577" classname="com.training.TestNG_Sales1.Login"/>
  <testcase name="Login_02" time="10.943" classname="com.training.TestNG_Sales1.Login"/>
  <testcase name="Test_03" time="18.636" classname="com.training.TestNG_Sales1.Login"/>
  <testcase name="Test_04" time="5.153" classname="com.training.TestNG_Sales1.Login"/>
  <testcase name="Test_04B" time="3.476" classname="com.training.TestNG_Sales1.Login"/>
</testsuite> <!-- com.training.TestNG_Sales1.Login -->
